0 info it worked if it ends with ok
1 verbose cli [ '/Users/garann/.nvm/versions/node/v7.3.0/bin/node',
1 verbose cli   '/Users/garann/.nvm/versions/node/v7.3.0/bin/npm',
1 verbose cli   'run',
1 verbose cli   'build' ]
2 info using npm@3.10.10
3 info using node@v7.3.0
4 verbose run-script [ 'prebuild', 'build', 'postbuild' ]
5 info lifecycle brandwatch-developers-docs@1.0.0~prebuild: brandwatch-developers-docs@1.0.0
6 silly lifecycle brandwatch-developers-docs@1.0.0~prebuild: no script for prebuild, continuing
7 info lifecycle brandwatch-developers-docs@1.0.0~build: brandwatch-developers-docs@1.0.0
8 verbose lifecycle brandwatch-developers-docs@1.0.0~build: unsafe-perm in lifecycle true
9 verbose lifecycle brandwatch-developers-docs@1.0.0~build: PATH: /Users/garann/.nvm/versions/node/v7.3.0/lib/node_modules/npm/bin/node-gyp-bin:/Users/garann/dev/brandwatch-developers-docs/node_modules/.bin:/Users/garann/.nvm/versions/node/v7.3.0/bin:/usr/local/bin:/usr/bin:/bin:/usr/sbin:/sbin:/usr/local/munki:/Library/Application Support/pinpoint/bin:/Users/garann/bin
10 verbose lifecycle brandwatch-developers-docs@1.0.0~build: CWD: /Users/garann/dev/brandwatch-developers-docs
11 silly lifecycle brandwatch-developers-docs@1.0.0~build: Args: [ '-c',
11 silly lifecycle   'rm -rf docs && gitbook build && mv _book docs && mv docs/index.html docs/readme.html && mv docs/LANDING.html docs/index.html' ]
12 silly lifecycle brandwatch-developers-docs@1.0.0~build: Returned: code: 1  signal: null
13 info lifecycle brandwatch-developers-docs@1.0.0~build: Failed to exec build script
14 verbose stack Error: brandwatch-developers-docs@1.0.0 build: `rm -rf docs && gitbook build && mv _book docs && mv docs/index.html docs/readme.html && mv docs/LANDING.html docs/index.html`
14 verbose stack Exit status 1
14 verbose stack     at EventEmitter.<anonymous> (/Users/garann/.nvm/versions/node/v7.3.0/lib/node_modules/npm/lib/utils/lifecycle.js:255:16)
14 verbose stack     at emitTwo (events.js:106:13)
14 verbose stack     at EventEmitter.emit (events.js:191:7)
14 verbose stack     at ChildProcess.<anonymous> (/Users/garann/.nvm/versions/node/v7.3.0/lib/node_modules/npm/lib/utils/spawn.js:40:14)
14 verbose stack     at emitTwo (events.js:106:13)
14 verbose stack     at ChildProcess.emit (events.js:191:7)
14 verbose stack     at maybeClose (internal/child_process.js:885:16)
14 verbose stack     at Process.ChildProcess._handle.onexit (internal/child_process.js:226:5)
15 verbose pkgid brandwatch-developers-docs@1.0.0
16 verbose cwd /Users/garann/dev/brandwatch-developers-docs
17 error Darwin 16.4.0
18 error argv "/Users/garann/.nvm/versions/node/v7.3.0/bin/node" "/Users/garann/.nvm/versions/node/v7.3.0/bin/npm" "run" "build"
19 error node v7.3.0
20 error npm  v3.10.10
21 error code ELIFECYCLE
22 error brandwatch-developers-docs@1.0.0 build: `rm -rf docs && gitbook build && mv _book docs && mv docs/index.html docs/readme.html && mv docs/LANDING.html docs/index.html`
22 error Exit status 1
23 error Failed at the brandwatch-developers-docs@1.0.0 build script 'rm -rf docs && gitbook build && mv _book docs && mv docs/index.html docs/readme.html && mv docs/LANDING.html docs/index.html'.
23 error Make sure you have the latest version of node.js and npm installed.
23 error If you do, this is most likely a problem with the brandwatch-developers-docs package,
23 error not with npm itself.
23 error Tell the author that this fails on your system:
23 error     rm -rf docs && gitbook build && mv _book docs && mv docs/index.html docs/readme.html && mv docs/LANDING.html docs/index.html
23 error You can get information on how to open an issue for this project with:
23 error     npm bugs brandwatch-developers-docs
23 error Or if that isn't available, you can get their info via:
23 error     npm owner ls brandwatch-developers-docs
23 error There is likely additional logging output above.
24 verbose exit [ 1, true ]
